# JRE version: OpenJDK Runtime Environment AdoptOpenJDK-11.0.11+9 (11.0.11+9) (build 11.0.11+9)
# Java VM: OpenJDK 64-Bit Server VM AdoptOpenJDK-11.0.11+9 (11.0.11+9, mixed mode, tiered, compressed oops, parallel gc, windows-amd64)
Heap:
 PSYoungGen      total 2560K, used 819K [0x00000000eab00000, 0x00000000eaf80000, 0x0000000100000000)
  eden space 2048K, 15% used [0x00000000eab00000,0x00000000eab4cd90,0x00000000ead00000)
  from space 512K, 100% used [0x00000000eae80000,0x00000000eaf00000,0x00000000eaf00000)
  to   space 512K, 0% used [0x00000000eaf00000,0x00000000eaf00000,0x00000000eaf80000)
 ParOldGen       total 202752K, used 133148K [0x00000000c0000000, 0x00000000cc600000, 0x00000000eab00000)
  object space 202752K, 65% used [0x00000000c0000000,0x00000000c82070e8,0x00000000cc600000)
 Metaspace       used 77619K, capacity 80712K, committed 80896K, reserved 1122304K
  class space    used 7129K, capacity 8332K, committed 8448K, reserved 1048576K
GC Heap History (20 events):
Event: 3391.052 GC heap before
{Heap before GC invocations=1932 (full 31):
 PSYoungGen      total 3584K, used 3136K [0x00000000eab00000, 0x00000000eb100000, 0x0000000100000000)
  eden space 3072K, 100% used [0x00000000eab00000,0x00000000eae00000,0x00000000eae00000)
  from space 512K, 12% used [0x00000000eb000000,0x00000000eb010000,0x00000000eb080000)
  to   space 512K, 0% used [0x00000000eb080000,0x00000000eb080000,0x00000000eb100000)
 ParOldGen       total 202752K, used 125865K [0x00000000c0000000, 0x00000000cc600000, 0x00000000eab00000)
  object space 202752K, 62% used [0x00000000c0000000,0x00000000c7aea7e8,0x00000000cc600000)
 Metaspace       used 77603K, capacity 80634K, committed 80896K, reserved 1122304K
  class space    used 7126K, capacity 8327K, committed 8448K, reserved 1048576K
}
Event: 3391.056 GC heap after
{Heap after GC invocations=1932 (full 31):
 PSYoungGen      total 3584K, used 32K [0x00000000eab00000, 0x00000000eb100000, 0x0000000100000000)
  eden space 3072K, 0% used [0x00000000eab00000,0x00000000eab00000,0x00000000eae00000)
  from space 512K, 6% used [0x00000000eb080000,0x00000000eb088000,0x00000000eb100000)
  to   space 512K, 0% used [0x00000000eb000000,0x00000000eb000000,0x00000000eb080000)
 ParOldGen       total 202752K, used 125865K [0x00000000c0000000, 0x00000000cc600000, 0x00000000eab00000)
  object space 202752K, 62% used [0x00000000c0000000,0x00000000c7aea7e8,0x00000000cc600000)
 Metaspace       used 77603K, capacity 80634K, committed 80896K, reserved 1122304K
  class space    used 7126K, capacity 8327K, committed 8448K, reserved 1048576K
}
Event: 3391.126 GC heap before
{Heap before GC invocations=1933 (full 31):
 PSYoungGen      total 3584K, used 3104K [0x00000000eab00000, 0x00000000eb100000, 0x0000000100000000)
  eden space 3072K, 100% used [0x00000000eab00000,0x00000000eae00000,0x00000000eae00000)
  from space 512K, 6% used [0x00000000eb080000,0x00000000eb088000,0x00000000eb100000)
  to   space 512K, 0% used [0x00000000eb000000,0x00000000eb000000,0x00000000eb080000)
 ParOldGen       total 202752K, used 125865K [0x00000000c0000000, 0x00000000cc600000, 0x00000000eab00000)
  object space 202752K, 62% used [0x00000000c0000000,0x00000000c7aea7e8,0x00000000cc600000)
 Metaspace       used 77603K, capacity 80634K, committed 80896K, reserved 1122304K
  class space    used 7126K, capacity 8327K, committed 8448K, reserved 1048576K
}
Event: 3391.130 GC heap after
{Heap after GC invocations=1933 (full 31):
 PSYoungGen      total 3584K, used 32K [0x00000000eab00000, 0x00000000eb100000, 0x0000000100000000)
  eden space 3072K, 0% used [0x00000000eab00000,0x00000000eab00000,0x00000000eae00000)
  from space 512K, 6% used [0x00000000eb000000,0x00000000eb008000,0x00000000eb080000)
  to   space 512K, 0% used [0x00000000eb080000,0x00000000eb080000,0x00000000eb100000)
 ParOldGen       total 202752K, used 125865K [0x00000000c0000000, 0x00000000cc600000, 0x00000000eab00000)
  object space 202752K, 62% used [0x00000000c0000000,0x00000000c7aea7e8,0x00000000cc600000)
 Metaspace       used 77603K, capacity 80634K, committed 80896K, reserved 1122304K
  class space    used 7126K, capacity 8327K, committed 8448K, reserved 1048576K
}
Event: 3391.222 GC heap before
{Heap before GC invocations=1934 (full 31):
 PSYoungGen      total 3584K, used 3104K [0x00000000eab00000, 0x00000000eb100000, 0x0000000100000000)
  eden space 3072K, 100% used [0x00000000eab00000,0x00000000eae00000,0x00000000eae00000)
  from space 512K, 6% used [0x00000000eb000000,0x00000000eb008000,0x00000000eb080000)
  to   space 512K, 0% used [0x00000000eb080000,0x00000000eb080000,0x00000000eb100000)
 ParOldGen       total 202752K, used 125865K [0x00000000c0000000, 0x00000000cc600000, 0x00000000eab00000)
  object space 202752K, 62% used [0x00000000c0000000,0x00000000c7aea7e8,0x00000000cc600000)
 Metaspace       used 77603K, capacity 80634K, committed 80896K, reserved 1122304K
  class space    used 7126K, capacity 8327K, committed 8448K, reserved 1048576K
}
Event: 3391.224 GC heap after
{Heap after GC invocations=1934 (full 31):
 PSYoungGen      total 3584K, used 64K [0x00000000eab00000, 0x00000000eb100000, 0x0000000100000000)
  eden space 3072K, 0% used [0x00000000eab00000,0x00000000eab00000,0x00000000eae00000)
  from space 512K, 12% used [0x00000000eb080000,0x00000000eb090000,0x00000000eb100000)
  to   space 512K, 0% used [0x00000000eb000000,0x00000000eb000000,0x00000000eb080000)
 ParOldGen       total 202752K, used 125865K [0x00000000c0000000, 0x00000000cc600000, 0x00000000eab00000)
  object space 202752K, 62% used [0x00000000c0000000,0x00000000c7aea7e8,0x00000000cc600000)
 Metaspace       used 77603K, capacity 80634K, committed 80896K, reserved 1122304K
  class space    used 7126K, capacity 8327K, committed 8448K, reserved 1048576K
}
Event: 3391.307 GC heap before
{Heap before GC invocations=1935 (full 31):
 PSYoungGen      total 3584K, used 3136K [0x00000000eab00000, 0x00000000eb100000, 0x0000000100000000)
  eden space 3072K, 100% used [0x00000000eab00000,0x00000000eae00000,0x00000000eae00000)
  from space 512K, 12% used [0x00000000eb080000,0x00000000eb090000,0x00000000eb100000)
  to   space 512K, 0% used [0x00000000eb000000,0x00000000eb000000,0x00000000eb080000)
 ParOldGen       total 202752K, used 125865K [0x00000000c0000000, 0x00000000cc600000, 0x00000000eab00000)
  object space 202752K, 62% used [0x00000000c0000000,0x00000000c7aea7e8,0x00000000cc600000)
 Metaspace       used 77603K, capacity 80634K, committed 80896K, reserved 1122304K
  class space    used 7126K, capacity 8327K, committed 8448K, reserved 1048576K
}
Event: 3391.310 GC heap after
{Heap after GC invocations=1935 (full 31):
 PSYoungGen      total 3584K, used 64K [0x00000000eab00000, 0x00000000eb100000, 0x0000000100000000)
  eden space 3072K, 0% used [0x00000000eab00000,0x00000000eab00000,0x00000000eae00000)
  from space 512K, 12% used [0x00000000eb000000,0x00000000eb010000,0x00000000eb080000)
  to   space 512K, 0% used [0x00000000eb080000,0x00000000eb080000,0x00000000eb100000)
 ParOldGen       total 202752K, used 125865K [0x00000000c0000000, 0x00000000cc600000, 0x00000000eab00000)
  object space 202752K, 62% used [0x00000000c0000000,0x00000000c7aea7e8,0x00000000cc600000)
 Metaspace       used 77603K, capacity 80634K, committed 80896K, reserved 1122304K
  class space    used 7126K, capacity 8327K, committed 8448K, reserved 1048576K
}
Event: 3391.391 GC heap before
{Heap before GC invocations=1936 (full 31):
 PSYoungGen      total 3584K, used 3136K [0x00000000eab00000, 0x00000000eb100000, 0x0000000100000000)
  eden space 3072K, 100% used [0x00000000eab00000,0x00000000eae00000,0x00000000eae00000)
  from space 512K, 12% used [0x00000000eb000000,0x00000000eb010000,0x00000000eb080000)
  to   space 512K, 0% used [0x00000000eb080000,0x00000000eb080000,0x00000000eb100000)
 ParOldGen       total 202752K, used 125865K [0x00000000c0000000, 0x00000000cc600000, 0x00000000eab00000)
  object space 202752K, 62% used [0x00000000c0000000,0x00000000c7aea7e8,0x00000000cc600000)
 Metaspace       used 77603K, capacity 80634K, committed 80896K, reserved 1122304K
  class space    used 7126K, capacity 8327K, committed 8448K, reserved 1048576K
}
Event: 3391.396 GC heap after
{Heap after GC invocations=1936 (full 31):
 PSYoungGen      total 3584K, used 96K [0x00000000eab00000, 0x00000000eb100000, 0x0000000100000000)
  eden space 3072K, 0% used [0x00000000eab00000,0x00000000eab00000,0x00000000eae00000)
  from space 512K, 18% used [0x00000000eb080000,0x00000000eb098000,0x00000000eb100000)
  to   space 512K, 0% used [0x00000000eb000000,0x00000000eb000000,0x00000000eb080000)
 ParOldGen       total 202752K, used 125865K [0x00000000c0000000, 0x00000000cc600000, 0x00000000eab00000)
  object space 202752K, 62% used [0x00000000c0000000,0x00000000c7aea7e8,0x00000000cc600000)
 Metaspace       used 77603K, capacity 80634K, committed 80896K, reserved 1122304K
  class space    used 7126K, capacity 8327K, committed 8448K, reserved 1048576K
}
Event: 3391.881 GC heap before
{Heap before GC invocations=1937 (full 31):
 PSYoungGen      total 3584K, used 3168K [0x00000000eab00000, 0x00000000eb100000, 0x0000000100000000)
  eden space 3072K, 100% used [0x00000000eab00000,0x00000000eae00000,0x00000000eae00000)
  from space 512K, 18% used [0x00000000eb080000,0x00000000eb098000,0x00000000eb100000)
  to   space 512K, 0% used [0x00000000eb000000,0x00000000eb000000,0x00000000eb080000)
 ParOldGen       total 202752K, used 125865K [0x00000000c0000000, 0x00000000cc600000, 0x00000000eab00000)
  object space 202752K, 62% used [0x00000000c0000000,0x00000000c7aea7e8,0x00000000cc600000)
 Metaspace       used 77603K, capacity 80634K, committed 80896K, reserved 1122304K
  class space    used 7126K, capacity 8327K, committed 8448K, reserved 1048576K
}
Event: 3391.885 GC heap after
{Heap after GC invocations=1937 (full 31):
 PSYoungGen      total 3584K, used 64K [0x00000000eab00000, 0x00000000eb100000, 0x0000000100000000)
  eden space 3072K, 0% used [0x00000000eab00000,0x00000000eab00000,0x00000000eae00000)
  from space 512K, 12% used [0x00000000eb000000,0x00000000eb010000,0x00000000eb080000)
  to   space 512K, 0% used [0x00000000eb080000,0x00000000eb080000,0x00000000eb100000)
 ParOldGen       total 202752K, used 125865K [0x00000000c0000000, 0x00000000cc600000, 0x00000000eab00000)
  object space 202752K, 62% used [0x00000000c0000000,0x00000000c7aea7e8,0x00000000cc600000)
 Metaspace       used 77603K, capacity 80634K, committed 80896K, reserved 1122304K
  class space    used 7126K, capacity 8327K, committed 8448K, reserved 1048576K
}
Event: 3393.231 GC heap before
{Heap before GC invocations=1938 (full 31):
 PSYoungGen      total 3584K, used 3135K [0x00000000eab00000, 0x00000000eb100000, 0x0000000100000000)
  eden space 3072K, 99% used [0x00000000eab00000,0x00000000eadfffe8,0x00000000eae00000)
  from space 512K, 12% used [0x00000000eb000000,0x00000000eb010000,0x00000000eb080000)
  to   space 512K, 0% used [0x00000000eb080000,0x00000000eb080000,0x00000000eb100000)
 ParOldGen       total 202752K, used 125865K [0x00000000c0000000, 0x00000000cc600000, 0x00000000eab00000)
  object space 202752K, 62% used [0x00000000c0000000,0x00000000c7aea7e8,0x00000000cc600000)
 Metaspace       used 77605K, capacity 80698K, committed 80896K, reserved 1122304K
  class space    used 7126K, capacity 8327K, committed 8448K, reserved 1048576K
}
Event: 3393.240 GC heap after
{Heap after GC invocations=1938 (full 31):
 PSYoungGen      total 3584K, used 496K [0x00000000eab00000, 0x00000000eb100000, 0x0000000100000000)
  eden space 3072K, 0% used [0x00000000eab00000,0x00000000eab00000,0x00000000eae00000)
  from space 512K, 96% used [0x00000000eb080000,0x00000000eb0fc010,0x00000000eb100000)
  to   space 1536K, 0% used [0x00000000eae00000,0x00000000eae00000,0x00000000eaf80000)
 ParOldGen       total 202752K, used 126255K [0x00000000c0000000, 0x00000000cc600000, 0x00000000eab00000)
  object space 202752K, 62% used [0x00000000c0000000,0x00000000c7b4bc88,0x00000000cc600000)
 Metaspace       used 77605K, capacity 80698K, committed 80896K, reserved 1122304K
  class space    used 7126K, capacity 8327K, committed 8448K, reserved 1048576K
}
Event: 3393.356 GC heap before
{Heap before GC invocations=1939 (full 31):
 PSYoungGen      total 3584K, used 3568K [0x00000000eab00000, 0x00000000eb100000, 0x0000000100000000)
  eden space 3072K, 100% used [0x00000000eab00000,0x00000000eae00000,0x00000000eae00000)
  from space 512K, 96% used [0x00000000eb080000,0x00000000eb0fc010,0x00000000eb100000)
  to   space 1536K, 0% used [0x00000000eae00000,0x00000000eae00000,0x00000000eaf80000)
 ParOldGen       total 202752K, used 126255K [0x00000000c0000000, 0x00000000cc600000, 0x00000000eab00000)
  object space 202752K, 62% used [0x00000000c0000000,0x00000000c7b4bc88,0x00000000cc600000)
 Metaspace       used 77605K, capacity 80698K, committed 80896K, reserved 1122304K
  class space    used 7126K, capacity 8327K, committed 8448K, reserved 1048576K
}
Event: 3393.377 GC heap after
{Heap after GC invocations=1939 (full 31):
 PSYoungGen      total 4608K, used 1216K [0x00000000eab00000, 0x00000000eb100000, 0x0000000100000000)
  eden space 3072K, 0% used [0x00000000eab00000,0x00000000eab00000,0x00000000eae00000)
  from space 1536K, 79% used [0x00000000eae00000,0x00000000eaf30020,0x00000000eaf80000)
  to   space 1536K, 0% used [0x00000000eaf80000,0x00000000eaf80000,0x00000000eb100000)
 ParOldGen       total 202752K, used 126255K [0x00000000c0000000, 0x00000000cc600000, 0x00000000eab00000)
  object space 202752K, 62% used [0x00000000c0000000,0x00000000c7b4bc88,0x00000000cc600000)
 Metaspace       used 77605K, capacity 80698K, committed 80896K, reserved 1122304K
  class space    used 7126K, capacity 8327K, committed 8448K, reserved 1048576K
}
Event: 3393.422 GC heap before
{Heap before GC invocations=1940 (full 31):
 PSYoungGen      total 4608K, used 4288K [0x00000000eab00000, 0x00000000eb100000, 0x0000000100000000)
  eden space 3072K, 100% used [0x00000000eab00000,0x00000000eae00000,0x00000000eae00000)
  from space 1536K, 79% used [0x00000000eae00000,0x00000000eaf30020,0x00000000eaf80000)
  to   space 1536K, 0% used [0x00000000eaf80000,0x00000000eaf80000,0x00000000eb100000)
 ParOldGen       total 202752K, used 126255K [0x00000000c0000000, 0x00000000cc600000, 0x00000000eab00000)
  object space 202752K, 62% used [0x00000000c0000000,0x00000000c7b4bc88,0x00000000cc600000)
 Metaspace       used 77605K, capacity 80698K, committed 80896K, reserved 1122304K
  class space    used 7126K, capacity 8327K, committed 8448K, reserved 1048576K
}
Event: 3393.469 GC heap after
{Heap after GC invocations=1940 (full 31):
 PSYoungGen      total 5120K, used 848K [0x00000000eab00000, 0x00000000eb100000, 0x0000000100000000)
  eden space 3584K, 0% used [0x00000000eab00000,0x00000000eab00000,0x00000000eae80000)
  from space 1536K, 55% used [0x00000000eaf80000,0x00000000eb054010,0x00000000eb100000)
  to   space 1024K, 0% used [0x00000000eae80000,0x00000000eae80000,0x00000000eaf80000)
 ParOldGen       total 202752K, used 126255K [0x00000000c0000000, 0x00000000cc600000, 0x00000000eab00000)
  object space 202752K, 62% used [0x00000000c0000000,0x00000000c7b4bc88,0x00000000cc600000)
 Metaspace       used 77605K, capacity 80698K, committed 80896K, reserved 1122304K
  class space    used 7126K, capacity 8327K, committed 8448K, reserved 1048576K
}
Event: 3393.559 GC heap before
{Heap before GC invocations=1941 (full 31):
 PSYoungGen      total 5120K, used 4432K [0x00000000eab00000, 0x00000000eb100000, 0x0000000100000000)
  eden space 3584K, 100% used [0x00000000eab00000,0x00000000eae80000,0x00000000eae80000)
  from space 1536K, 55% used [0x00000000eaf80000,0x00000000eb054010,0x00000000eb100000)
  to   space 1024K, 0% used [0x00000000eae80000,0x00000000eae80000,0x00000000eaf80000)
 ParOldGen       total 202752K, used 126255K [0x00000000c0000000, 0x00000000cc600000, 0x00000000eab00000)
  object space 202752K, 62% used [0x00000000c0000000,0x00000000c7b4bc88,0x00000000cc600000)
 Metaspace       used 77605K, capacity 80698K, committed 80896K, reserved 1122304K
  class space    used 7126K, capacity 8327K, committed 8448K, reserved 1048576K
}
Event: 3393.574 GC heap after
{Heap after GC invocations=1941 (full 31):
 PSYoungGen      total 4608K, used 944K [0x00000000eab00000, 0x00000000eb180000, 0x0000000100000000)
  eden space 3584K, 0% used [0x00000000eab00000,0x00000000eab00000,0x00000000eae80000)
  from space 1024K, 92% used [0x00000000eae80000,0x00000000eaf6c010,0x00000000eaf80000)
  to   space 1024K, 0% used [0x00000000eb080000,0x00000000eb080000,0x00000000eb180000)
 ParOldGen       total 202752K, used 126255K [0x00000000c0000000, 0x00000000cc600000, 0x00000000eab00000)
  object space 202752K, 62% used [0x00000000c0000000,0x00000000c7b4bc88,0x00000000cc600000)
 Metaspace       used 77605K, capacity 80698K, committed 80896K, reserved 1122304K
  class space    used 7126K, capacity 8327K, committed 8448K, reserved 1048576K
}

